<?xml version="1.0" encoding="UTF-8"?>
<!-- Generated by org.testng.reporters.JUnitXMLReporter -->
<testsuite ignored="0" hostname="infenix-PC" failures="0" tests="11" name="Default test" time="31.953" errors="0" timestamp="2024-07-22T15:36:26 EET">
  <testcase classname="almosafer.almosaferTestCases" name="verificationLanguageDefault" time="0.042"/>
  <testcase classname="almosafer.almosaferTestCases" name="verificationCurrencyDefault" time="0.032"/>
  <testcase classname="almosafer.almosaferTestCases" name="verificationContactNumber" time="0.022"/>
  <testcase classname="almosafer.almosaferTestCases" name="checkLogoQetafIsDeispled" time="0.139"/>
  <testcase classname="almosafer.almosaferTestCases" name="checkFromNotChoesesHotelTap" time="0.025"/>
  <testcase classname="almosafer.almosaferTestCases" name="checkFlightDeparturAndReturn" time="0.059"/>
  <testcase classname="almosafer.almosaferTestCases" name="checkChangeTheLanguageTheWebSiteRandomly" time="3.36"/>
  <testcase classname="almosafer.almosaferTestCases" name="checkChangeTheSwitchHotelTapRandomly" time="0.302"/>
  <testcase classname="almosafer.almosaferTestCases" name="checkChangeRandomlyForPerson" time="3.993"/>
  <testcase classname="almosafer.almosaferTestCases" name="checkWaitToFullyParAPI" time="13.724"/>
  <testcase classname="almosafer.almosaferTestCases" name="checkSortLowstPrices" time="3.23"/>
</testsuite> <!-- Default test -->
