<?xml version="1.0" encoding="UTF-8"?>
<testng-results ignored="0" total="11" passed="11" failed="0" skipped="0">
  <reporter-output>
  </reporter-output>
  <suite started-at="2024-07-22T15:35:54 EET" name="Default suite" finished-at="2024-07-22T15:36:26 EET" duration-ms="31953">
    <groups>
    </groups>
    <test started-at="2024-07-22T15:35:54 EET" name="Default test" finished-at="2024-07-22T15:36:26 EET" duration-ms="31953">
      <class name="almosafer.almosaferTestCases">
        <test-method is-config="true" signature="setUp()[pri:0, instance:almosafer.almosaferTestCases@40258c2f]" started-at="2024-07-22T15:35:54 EET" name="setUp" finished-at="2024-07-22T15:36:01 EET" duration-ms="6970" status="PASS">
          <reporter-output>
          </reporter-output>
        </test-method> <!-- setUp -->
        <test-method signature="verificationLanguageDefault()[pri:1, instance:almosafer.almosaferTestCases@40258c2f]" started-at="2024-07-22T15:36:01 EET" name="verificationLanguageDefault" description=" MainPage " finished-at="2024-07-22T15:36:01 EET" duration-ms="42" status="PASS">
          <reporter-output>
          </reporter-output>
        </test-method> <!-- verificationLanguageDefault -->
        <test-method signature="verificationCurrencyDefault()[pri:2, instance:almosafer.almosaferTestCases@40258c2f]" started-at="2024-07-22T15:36:01 EET" name="verificationCurrencyDefault" description="MainPage" finished-at="2024-07-22T15:36:01 EET" duration-ms="32" status="PASS">
          <reporter-output>
          </reporter-output>
        </test-method> <!-- verificationCurrencyDefault -->
        <test-method signature="verificationContactNumber()[pri:3, instance:almosafer.almosaferTestCases@40258c2f]" started-at="2024-07-22T15:36:01 EET" name="verificationContactNumber" description="MainPage" finished-at="2024-07-22T15:36:01 EET" duration-ms="22" status="PASS">
          <reporter-output>
          </reporter-output>
        </test-method> <!-- verificationContactNumber -->
        <test-method signature="checkLogoQetafIsDeispled()[pri:4, instance:almosafer.almosaferTestCases@40258c2f]" started-at="2024-07-22T15:36:01 EET" name="checkLogoQetafIsDeispled" description="MainPage" finished-at="2024-07-22T15:36:01 EET" duration-ms="139" status="PASS">
          <reporter-output>
          </reporter-output>
        </test-method> <!-- checkLogoQetafIsDeispled -->
        <test-method signature="checkFromNotChoesesHotelTap()[pri:5, instance:almosafer.almosaferTestCases@40258c2f]" started-at="2024-07-22T15:36:01 EET" name="checkFromNotChoesesHotelTap" description="HotelPage" finished-at="2024-07-22T15:36:01 EET" duration-ms="25" status="PASS">
          <reporter-output>
          </reporter-output>
        </test-method> <!-- checkFromNotChoesesHotelTap -->
        <test-method signature="checkFlightDeparturAndReturn()[pri:6, instance:almosafer.almosaferTestCases@40258c2f]" started-at="2024-07-22T15:36:01 EET" name="checkFlightDeparturAndReturn" description="HotelPage" finished-at="2024-07-22T15:36:01 EET" duration-ms="59" status="PASS">
          <reporter-output>
          </reporter-output>
        </test-method> <!-- checkFlightDeparturAndReturn -->
        <test-method signature="checkChangeTheLanguageTheWebSiteRandomly()[pri:7, instance:almosafer.almosaferTestCases@40258c2f]" started-at="2024-07-22T15:36:01 EET" name="checkChangeTheLanguageTheWebSiteRandomly" description="HotelPage" finished-at="2024-07-22T15:36:04 EET" duration-ms="3360" status="PASS">
          <reporter-output>
          </reporter-output>
        </test-method> <!-- checkChangeTheLanguageTheWebSiteRandomly -->
        <test-method signature="checkChangeTheSwitchHotelTapRandomly()[pri:8, instance:almosafer.almosaferTestCases@40258c2f]" started-at="2024-07-22T15:36:04 EET" name="checkChangeTheSwitchHotelTapRandomly" description="HotelPage" finished-at="2024-07-22T15:36:05 EET" duration-ms="302" status="PASS">
          <reporter-output>
          </reporter-output>
        </test-method> <!-- checkChangeTheSwitchHotelTapRandomly -->
        <test-method signature="checkChangeRandomlyForPerson()[pri:9, instance:almosafer.almosaferTestCases@40258c2f]" started-at="2024-07-22T15:36:05 EET" name="checkChangeRandomlyForPerson" description="HotelPage" finished-at="2024-07-22T15:36:09 EET" duration-ms="3993" status="PASS">
          <reporter-output>
          </reporter-output>
        </test-method> <!-- checkChangeRandomlyForPerson -->
        <test-method signature="checkWaitToFullyParAPI()[pri:10, instance:almosafer.almosaferTestCases@40258c2f]" started-at="2024-07-22T15:36:09 EET" name="checkWaitToFullyParAPI" description="HotelPage" finished-at="2024-07-22T15:36:22 EET" duration-ms="13724" status="PASS">
          <reporter-output>
          </reporter-output>
        </test-method> <!-- checkWaitToFullyParAPI -->
        <test-method signature="checkSortLowstPrices()[pri:11, instance:almosafer.almosaferTestCases@40258c2f]" started-at="2024-07-22T15:36:22 EET" name="checkSortLowstPrices" description="HotelPage" finished-at="2024-07-22T15:36:26 EET" duration-ms="3230" status="PASS">
          <reporter-output>
          </reporter-output>
        </test-method> <!-- checkSortLowstPrices -->
        <test-method is-config="true" signature="tearDown()[pri:0, instance:almosafer.almosaferTestCases@40258c2f]" started-at="2024-07-22T15:36:26 EET" name="tearDown" finished-at="2024-07-22T15:36:26 EET" duration-ms="505" status="PASS">
          <reporter-output>
          </reporter-output>
        </test-method> <!-- tearDown -->
      </class> <!-- almosafer.almosaferTestCases -->
    </test> <!-- Default test -->
  </suite> <!-- Default suite -->
</testng-results>
